{"C:\\Users\\hparadkar\\Downloads\\Learnings\\frontend-roadmap\\code-files\\src\\utils\\sample\\sample.js": {"path":"C:\\Users\\hparadkar\\Downloads\\Learnings\\frontend-roadmap\\code-files\\src\\utils\\sample\\sample.js","statementMap":{"0":{"start":{"line":1,"column":12},"end":{"line":1,"column":24}},"1":{"start":{"line":1,"column":21},"end":{"line":1,"column":24}}},"fnMap":{"0":{"name":"(anonymous_0)","decl":{"start":{"line":1,"column":12},"end":{"line":1,"column":13}},"loc":{"start":{"line":1,"column":21},"end":{"line":1,"column":24}},"line":1}},"branchMap":{},"s":{"0":1,"1":1},"f":{"0":1},"b":{},"_coverageSchema":"1a1c01bbd47fc00a2c39e90264f33305004495a9","hash":"2b44fbd4db2ae72d1cd84acc6b71a43e732055ec"}
}
